


ARM Macro Assembler    Page 1 


    1 00000000                 AREA             ADD, CODE, READONLY
    2 00000000                 ENTRY
    3 00000000 00000000 
                       RESULT  EQU              R0
    4 00000000 E59F1018        LDR              R1, =ARRAY_DATA ; Load the addr
                                                            ess of the array in
                                                            to R1
    5 00000004 E3A02000        MOV              R2, #0      ; Initialize the su
                                                            m in R2 to 0
    6 00000008 E3A04005        MOV              R4, #5      ; Initialize R4 wit
                                                            h the array length
    7 0000000C         SUM_LOOP
    8 0000000C E4913004        LDR              R3, [R1], #4 ; Load the next el
                                                            ement into R3
    9 00000010 E0822003        ADD              R2, R2, R3  ; Add R3 to the sum
                                                             in R2
   10 00000014 E2544001        SUBS             R4, R4, #1  ; Decrement the loo
                                                            p counter
   11 00000018 1AFFFFFB        BNE              SUM_LOOP    ; Branch if not equ
                                                            al (loop until R4 i
                                                            s 0)
   12 0000001C         
   13 0000001C EAFFFFFE 
                       HERE    B                HERE
   14 00000020         
   15 00000020 00000000        AREA             ARRAY_DATA, DATA,READONLY
   16 00000000 00000005 
              0000000A 
              0000000F 
              00000014 
              00000019         DCD              5, 10, 15, 20, 25
   17 00000014                 END
Command Line: --debug --xref --apcs=interwork --depend=.\add_array.d -o.\add_ar
ray.o -IC:\Keil\ARM\RV31\INC -IC:\Keil\ARM\CMSIS\Include --predefine="__EVAL SE
TA 1" --list=.\add_array.lst Add_array.asm



ARM Macro Assembler    Page 1 Alphabetic symbol ordering
Relocatable symbols

ADD 00000000

Symbol: ADD
   Definitions
      At line 1 in file Add_array.asm
   Uses
      None
Comment: ADD unused
HERE 0000001C

Symbol: HERE
   Definitions
      At line 13 in file Add_array.asm
   Uses
      At line 13 in file Add_array.asm
Comment: HERE used once
RESULT 00000000

Symbol: RESULT
   Definitions
      At line 3 in file Add_array.asm
   Uses
      None
Comment: RESULT unused
SUM_LOOP 0000000C

Symbol: SUM_LOOP
   Definitions
      At line 7 in file Add_array.asm
   Uses
      At line 11 in file Add_array.asm
Comment: SUM_LOOP used once
4 symbols



ARM Macro Assembler    Page 1 Alphabetic symbol ordering
Relocatable symbols

ARRAY_DATA 00000000

Symbol: ARRAY_DATA
   Definitions
      At line 15 in file Add_array.asm
   Uses
      At line 4 in file Add_array.asm
Comment: ARRAY_DATA used once
1 symbol
338 symbols in table
